2025-06-17 07:23:00 | INFO | repo=course-sys-int-systems-exam | action=commit
2025-12-14 20:13:00 | INFO | repo=course-sys-int-systems-exam | action=commit
2025-03-22 11:36:00 | WARN | repo=course-sys-int-systems-exam | action=edit | files=2
2025-05-25 19:45:00 | INFO | repo=course-sys-int-systems-exam | action=pull
2025-12-27 08:39:00 | DEBUG | repo=course-sys-int-systems-exam | action=commit
2025-09-27 10:46:00 | WARN | repo=course-sys-int-systems-exam | action=commit
2025-12-18 07:02:00 | WARN | repo=course-sys-int-systems-exam | action=commit
2025-09-06 15:31:00 | WARN | repo=course-sys-int-systems-exam | action=edit | files=3
2025-08-23 07:44:00 | DEBUG | repo=course-sys-int-systems-exam | action=commit
2025-09-14 20:26:00 | INFO | repo=course-sys-int-systems-exam | action=commit
2025-07-18 12:39:00 | WARN | repo=course-sys-int-systems-exam | action=commit
2025-03-14 14:12:00 | INFO | repo=course-sys-int-systems-exam | action=test | passed=true
2025-11-17 13:28:00 | INFO | repo=course-sys-int-systems-exam | action=edit | files=5
2025-02-26 13:46:00 | DEBUG | repo=course-sys-int-systems-exam | action=commit
2025-09-28 16:27:00 | DEBUG | repo=course-sys-int-systems-exam | action=edit | files=4
2025-09-05 08:11:00 | DEBUG | repo=course-sys-int-systems-exam | action=commit
2025-07-17 15:24:00 | INFO | repo=course-sys-int-systems-exam | action=test | passed=true
2025-11-09 12:47:00 | DEBUG | repo=course-sys-int-systems-exam | action=pull
2025-06-09 20:33:00 | DEBUG | repo=course-sys-int-systems-exam | action=test | passed=true
2025-07-21 08:18:00 | INFO | repo=course-sys-int-systems-exam | action=commit
2025-03-10 12:55:00 | INFO | repo=course-sys-int-systems-exam | action=commit
2025-05-24 14:03:00 | DEBUG | repo=course-sys-int-systems-exam | action=commit
2025-04-17 17:12:00 | INFO | repo=course-sys-int-systems-exam | action=pull
2025-05-27 19:07:00 | INFO | repo=course-sys-int-systems-exam | action=pull
2025-02-17 09:34:00 | DEBUG | repo=course-sys-int-systems-exam | action=commit
2025-09-24 20:01:00 | WARN | repo=course-sys-int-systems-exam | action=commit
2025-12-12 12:52:00 | WARN | repo=course-sys-int-systems-exam | action=commit
